<?xml version="1.0" encoding="UTF-8"?>
<testng-results ignored="0" total="1" passed="1" failed="0" skipped="0">
  <reporter-output>
  </reporter-output>
  <suite started-at="2023-01-27T13:49:55 IST" name="Default suite" finished-at="2023-01-27T13:50:06 IST" duration-ms="10998">
    <groups>
    </groups>
    <test started-at="2023-01-27T13:49:55 IST" name="Default test" finished-at="2023-01-27T13:50:06 IST" duration-ms="10998">
      <class name="testPackage.ActiTimeTestValidLogin">
        <test-method is-config="true" signature="chromeProperty()[pri:0, instance:testPackage.ActiTimeTestValidLogin@53fdffa1]" started-at="2023-01-27T13:49:55 IST" name="chromeProperty" finished-at="2023-01-27T13:49:55 IST" duration-ms="31" status="PASS">
          <reporter-output>
          </reporter-output>
        </test-method> <!-- chromeProperty -->
        <test-method is-config="true" signature="geckoProperty()[pri:0, instance:testPackage.ActiTimeTestValidLogin@53fdffa1]" started-at="2023-01-27T13:49:55 IST" name="geckoProperty" finished-at="2023-01-27T13:49:55 IST" duration-ms="1" status="PASS">
          <reporter-output>
          </reporter-output>
        </test-method> <!-- geckoProperty -->
        <test-method is-config="true" signature="setUp()[pri:0, instance:testPackage.ActiTimeTestValidLogin@53fdffa1]" started-at="2023-01-27T13:49:55 IST" name="setUp" finished-at="2023-01-27T13:50:02 IST" duration-ms="6136" status="PASS">
          <reporter-output>
          </reporter-output>
        </test-method> <!-- setUp -->
        <test-method signature="validtest()[pri:0, instance:testPackage.ActiTimeTestValidLogin@53fdffa1]" started-at="2023-01-27T13:50:02 IST" name="validtest" finished-at="2023-01-27T13:50:06 IST" duration-ms="4689" status="PASS">
          <reporter-output>
          </reporter-output>
        </test-method> <!-- validtest -->
        <test-method is-config="true" signature="tearDown()[pri:0, instance:testPackage.ActiTimeTestValidLogin@53fdffa1]" started-at="2023-01-27T13:50:06 IST" name="tearDown" finished-at="2023-01-27T13:50:06 IST" duration-ms="2" status="PASS">
          <reporter-output>
          </reporter-output>
        </test-method> <!-- tearDown -->
      </class> <!-- testPackage.ActiTimeTestValidLogin -->
    </test> <!-- Default test -->
  </suite> <!-- Default suite -->
</testng-results>
